Fri Dec 13 15:13:54 PST 2019
XCS = 1
XCS_BOT_NAME = OSM2VectorTiles Bot
XCS_BOT_ID = 32fd26d74dee021bc6218ce05763774c
XCS_BOT_TINY_ID = E0C7AAD
XCS_INTEGRATION_ID = dfb96d0f8ceafb2ead78d76dca5a79b3
XCS_INTEGRATION_TINY_ID = B25C5E0
XCS_INTEGRATION_NUMBER = 82
XCS_INTEGRATION_RESULT = unknown
XCS_SOURCE_DIR = /Users/roblabs/Library/Caches/XCSBuilder/Bots/32fd26d74dee021bc6218ce05763774c/Source
XCS_OUTPUT_DIR = /Users/roblabs/Library/Caches/XCSBuilder/Integration-dfb96d0f8ceafb2ead78d76dca5a79b3
XCS_DERIVED_DATA_DIR = /Users/roblabs/Library/Caches/XCSBuilder/Bots/32fd26d74dee021bc6218ce05763774c/DerivedData
XCS_XCODEBUILD_LOG = /Users/roblabs/Library/Caches/XCSBuilder/Integration-dfb96d0f8ceafb2ead78d76dca5a79b3/xcodebuild.log
INTEGRATION_URL = https://27.local/xcode/bots/E0C7AAD/integrations/B25C5E0
PROJECT_DIR = /Users/roblabs/Library/Caches/XCSBuilder/Bots/32fd26d74dee021bc6218ce05763774c/Source/openmaptiles-ios-demo
gitBranch = master
gitSHA = e6a315a37e0ad574761ddf955195f368ef20a7fc
CURRENT_PROJECT_VERSION = 820
MARKETING_VERSION = 1.550.820
DEVELOPMENT_TEAM = J7V35W7ES8
PREBUILD_LOG = /Users/roblabs/Library/Caches/XCSBuilder/Bots/32fd26d74dee021bc6218ce05763774c/Source/openmaptiles-ios-demo/prebuild.E0C7AAD.82.log
ProductName:	Mac OS X
ProductVersion:	10.15.2
BuildVersion:	19C57
Xcode 11.3
2019-12-13 15:13:54.269 xcodebuild[82867:7771195] [MT] DVTDeveloperPaths: WARNING: Environment variable XCODE_DEVELOPER_DIR_PATH is set, but is not an absolute path. The variable will be ignored. ()
Build version 11C29
Developer:

    Developer Tools:

      Version: 11.3 (11C29)
      Location: /Applications/Xcode.app
      Applications:
          Xcode: 11.3 (15712)
          Instruments: 11.3 (64532.3)
      SDKs:
          iOS:
              13.2: (17B102)
          iOS Simulator:
              13.2: (17B102)
          macOS:
              10.15: (19B90)
              19.0: 
          tvOS:
              13.2: (17K90)
          tvOS Simulator:
              13.2: (17K90)
          watchOS:
              6.1: (17S80)
          watchOS Simulator:
              6.1: (17S80)

PROJECT_DIR = /Users/roblabs/Library/Caches/XCSBuilder/Bots/32fd26d74dee021bc6218ce05763774c/Source/openmaptiles-ios-demo
echo $PATH
/Applications/Xcode.app/Contents/Developer/usr/bin:/Applications/Xcode.app/Contents/Developer/usr/bin:/usr/bin:/bin:/usr/sbin:/sbin
export PATH=/usr/local/bin:.:$PATH
echo $PATH
/usr/local/bin:.:/Applications/Xcode.app/Contents/Developer/usr/bin:/Applications/Xcode.app/Contents/Developer/usr/bin:/usr/bin:/bin:/usr/sbin:/sbin

date
Fri Dec 13 15:13:54 PST 2019
which carthage
/usr/local/bin/carthage
carthage version
0.34.0
carthage update
*** Downloading binary-only framework Mapbox-iOS-SDK at "https://www.mapbox.com/ios-sdk/Mapbox-iOS-SDK.json"
*** Downloading binary-only framework Mapbox-iOS-SDK at "https://www.mapbox.com/ios-sdk/Mapbox-iOS-SDK.json"
*** xcodebuild output can be found in /var/folders/gm/rfnd5t7d3w76w989w05rhywm0000gn/T/carthage-xcodebuild.q211fu.log
wait
date
Fri Dec 13 15:14:35 PST 2019

open $PREBUILD_LOG
